nohup: ignoring input
/home/student_03_1e225e0c6442/professional-services/examples/dataflow-python-examples/dataflow-env/lib/python3.7/site-packages/apache_beam/__init__.py:84: UserWarning: Some syntactic constructs of Python 3 are not yet fully supported by Apache Beam.
  'Some syntactic constructs of Python 3 are not yet fully supported by '
INFO:oauth2client.transport:Attempting refresh to obtain initial access_token
INFO:oauth2client.transport:Attempting refresh to obtain initial access_token
/home/student_03_1e225e0c6442/professional-services/examples/dataflow-python-examples/dataflow-env/lib/python3.7/site-packages/apache_beam/runners/dataflow/dataflow_runner.py:687: BeamDeprecationWarning: BigQuerySink is deprecated since 2.11.0. Use WriteToBigQuery instead.
  kms_key=transform.kms_key))
INFO:oauth2client.transport:Attempting refresh to obtain initial access_token
INFO:oauth2client.transport:Attempting refresh to obtain initial access_token
INFO:root:Starting GCS upload to gs://qwiklabs-gcp-01-50b8d970598f/test/beamapp-student031e225e0c6442-1128083256-814166.1638088376.814363/pipeline.pb...
INFO:oauth2client.transport:Attempting refresh to obtain initial access_token
INFO:oauth2client.transport:Attempting refresh to obtain initial access_token
INFO:root:Completed GCS upload to gs://qwiklabs-gcp-01-50b8d970598f/test/beamapp-student031e225e0c6442-1128083256-814166.1638088376.814363/pipeline.pb in 1 seconds.
INFO:root:Starting GCS upload to gs://qwiklabs-gcp-01-50b8d970598f/test/beamapp-student031e225e0c6442-1128083256-814166.1638088376.814363/requirements.txt...
INFO:root:Completed GCS upload to gs://qwiklabs-gcp-01-50b8d970598f/test/beamapp-student031e225e0c6442-1128083256-814166.1638088376.814363/requirements.txt in 0 seconds.
INFO:root:Executing command: ['/home/student_03_1e225e0c6442/professional-services/examples/dataflow-python-examples/dataflow-env/bin/python', '-m', 'pip', 'download', '--dest', '/tmp/dataflow-requirements-cache', '-r', '/home/student_03_1e225e0c6442/professional-services/examples/dataflow-python-examples/requirements.txt', '--exists-action', 'i', '--no-binary', ':all:']
INFO:root:Starting GCS upload to gs://qwiklabs-gcp-01-50b8d970598f/test/beamapp-student031e225e0c6442-1128083256-814166.1638088376.814363/cachetools-4.2.4.tar.gz...
INFO:root:Completed GCS upload to gs://qwiklabs-gcp-01-50b8d970598f/test/beamapp-student031e225e0c6442-1128083256-814166.1638088376.814363/cachetools-4.2.4.tar.gz in 1 seconds.
INFO:root:Starting GCS upload to gs://qwiklabs-gcp-01-50b8d970598f/test/beamapp-student031e225e0c6442-1128083256-814166.1638088376.814363/numpy-1.17.0.zip...
INFO:root:Completed GCS upload to gs://qwiklabs-gcp-01-50b8d970598f/test/beamapp-student031e225e0c6442-1128083256-814166.1638088376.814363/numpy-1.17.0.zip in 2 seconds.
INFO:root:Starting GCS upload to gs://qwiklabs-gcp-01-50b8d970598f/test/beamapp-student031e225e0c6442-1128083256-814166.1638088376.814363/google-resumable-media-2.1.0.tar.gz...
INFO:root:Completed GCS upload to gs://qwiklabs-gcp-01-50b8d970598f/test/beamapp-student031e225e0c6442-1128083256-814166.1638088376.814363/google-resumable-media-2.1.0.tar.gz in 2 seconds.
INFO:root:Starting GCS upload to gs://qwiklabs-gcp-01-50b8d970598f/test/beamapp-student031e225e0c6442-1128083256-814166.1638088376.814363/PyYAML-3.13.tar.gz...
INFO:root:Completed GCS upload to gs://qwiklabs-gcp-01-50b8d970598f/test/beamapp-student031e225e0c6442-1128083256-814166.1638088376.814363/PyYAML-3.13.tar.gz in 1 seconds.
INFO:root:Starting GCS upload to gs://qwiklabs-gcp-01-50b8d970598f/test/beamapp-student031e225e0c6442-1128083256-814166.1638088376.814363/crcmod-1.7.tar.gz...
INFO:root:Completed GCS upload to gs://qwiklabs-gcp-01-50b8d970598f/test/beamapp-student031e225e0c6442-1128083256-814166.1638088376.814363/crcmod-1.7.tar.gz in 0 seconds.
INFO:root:Starting GCS upload to gs://qwiklabs-gcp-01-50b8d970598f/test/beamapp-student031e225e0c6442-1128083256-814166.1638088376.814363/Faker-2.0.0.tar.gz...
INFO:root:Completed GCS upload to gs://qwiklabs-gcp-01-50b8d970598f/test/beamapp-student031e225e0c6442-1128083256-814166.1638088376.814363/Faker-2.0.0.tar.gz in 1 seconds.
INFO:root:Starting GCS upload to gs://qwiklabs-gcp-01-50b8d970598f/test/beamapp-student031e225e0c6442-1128083256-814166.1638088376.814363/apache-beam-2.14.0.zip...
INFO:root:Completed GCS upload to gs://qwiklabs-gcp-01-50b8d970598f/test/beamapp-student031e225e0c6442-1128083256-814166.1638088376.814363/apache-beam-2.14.0.zip in 2 seconds.
INFO:root:Starting GCS upload to gs://qwiklabs-gcp-01-50b8d970598f/test/beamapp-student031e225e0c6442-1128083256-814166.1638088376.814363/google-cloud-bigtable-0.32.2.tar.gz...
INFO:root:Completed GCS upload to gs://qwiklabs-gcp-01-50b8d970598f/test/beamapp-student031e225e0c6442-1128083256-814166.1638088376.814363/google-cloud-bigtable-0.32.2.tar.gz in 1 seconds.
INFO:root:Starting GCS upload to gs://qwiklabs-gcp-01-50b8d970598f/test/beamapp-student031e225e0c6442-1128083256-814166.1638088376.814363/dill-0.2.9.tar.gz...
INFO:root:Completed GCS upload to gs://qwiklabs-gcp-01-50b8d970598f/test/beamapp-student031e225e0c6442-1128083256-814166.1638088376.814363/dill-0.2.9.tar.gz in 1 seconds.
INFO:root:Starting GCS upload to gs://qwiklabs-gcp-01-50b8d970598f/test/beamapp-student031e225e0c6442-1128083256-814166.1638088376.814363/google-cloud-storage-1.17.0.tar.gz...
INFO:root:Completed GCS upload to gs://qwiklabs-gcp-01-50b8d970598f/test/beamapp-student031e225e0c6442-1128083256-814166.1638088376.814363/google-cloud-storage-1.17.0.tar.gz in 2 seconds.
INFO:root:Starting GCS upload to gs://qwiklabs-gcp-01-50b8d970598f/test/beamapp-student031e225e0c6442-1128083256-814166.1638088376.814363/httplib2-0.12.0.tar.gz...
INFO:root:Completed GCS upload to gs://qwiklabs-gcp-01-50b8d970598f/test/beamapp-student031e225e0c6442-1128083256-814166.1638088376.814363/httplib2-0.12.0.tar.gz in 1 seconds.
INFO:root:Starting GCS upload to gs://qwiklabs-gcp-01-50b8d970598f/test/beamapp-student031e225e0c6442-1128083256-814166.1638088376.814363/google-cloud-vision-0.38.0.tar.gz...
INFO:root:Completed GCS upload to gs://qwiklabs-gcp-01-50b8d970598f/test/beamapp-student031e225e0c6442-1128083256-814166.1638088376.814363/google-cloud-vision-0.38.0.tar.gz in 1 seconds.
INFO:root:Starting GCS upload to gs://qwiklabs-gcp-01-50b8d970598f/test/beamapp-student031e225e0c6442-1128083256-814166.1638088376.814363/idna-3.3.tar.gz...
INFO:root:Completed GCS upload to gs://qwiklabs-gcp-01-50b8d970598f/test/beamapp-student031e225e0c6442-1128083256-814166.1638088376.814363/idna-3.3.tar.gz in 1 seconds.
INFO:root:Starting GCS upload to gs://qwiklabs-gcp-01-50b8d970598f/test/beamapp-student031e225e0c6442-1128083256-814166.1638088376.814363/text-unidecode-1.2.tar.gz...
INFO:root:Completed GCS upload to gs://qwiklabs-gcp-01-50b8d970598f/test/beamapp-student031e225e0c6442-1128083256-814166.1638088376.814363/text-unidecode-1.2.tar.gz in 0 seconds.
INFO:root:Starting GCS upload to gs://qwiklabs-gcp-01-50b8d970598f/test/beamapp-student031e225e0c6442-1128083256-814166.1638088376.814363/google-cloud-pubsub-0.42.1.tar.gz...
INFO:root:Completed GCS upload to gs://qwiklabs-gcp-01-50b8d970598f/test/beamapp-student031e225e0c6442-1128083256-814166.1638088376.814363/google-cloud-pubsub-0.42.1.tar.gz in 1 seconds.
INFO:root:Starting GCS upload to gs://qwiklabs-gcp-01-50b8d970598f/test/beamapp-student031e225e0c6442-1128083256-814166.1638088376.814363/fastavro-0.21.24.tar.gz...
INFO:root:Completed GCS upload to gs://qwiklabs-gcp-01-50b8d970598f/test/beamapp-student031e225e0c6442-1128083256-814166.1638088376.814363/fastavro-0.21.24.tar.gz in 1 seconds.
INFO:root:Starting GCS upload to gs://qwiklabs-gcp-01-50b8d970598f/test/beamapp-student031e225e0c6442-1128083256-814166.1638088376.814363/mock-2.0.0.tar.gz...
INFO:root:Completed GCS upload to gs://qwiklabs-gcp-01-50b8d970598f/test/beamapp-student031e225e0c6442-1128083256-814166.1638088376.814363/mock-2.0.0.tar.gz in 0 seconds.
INFO:root:Starting GCS upload to gs://qwiklabs-gcp-01-50b8d970598f/test/beamapp-student031e225e0c6442-1128083256-814166.1638088376.814363/google-cloud-core-1.0.0.tar.gz...
INFO:root:Completed GCS upload to gs://qwiklabs-gcp-01-50b8d970598f/test/beamapp-student031e225e0c6442-1128083256-814166.1638088376.814363/google-cloud-core-1.0.0.tar.gz in 0 seconds.
INFO:root:Starting GCS upload to gs://qwiklabs-gcp-01-50b8d970598f/test/beamapp-student031e225e0c6442-1128083256-814166.1638088376.814363/google-api-core-1.14.2.tar.gz...
INFO:root:Completed GCS upload to gs://qwiklabs-gcp-01-50b8d970598f/test/beamapp-student031e225e0c6442-1128083256-814166.1638088376.814363/google-api-core-1.14.2.tar.gz in 0 seconds.
INFO:root:Starting GCS upload to gs://qwiklabs-gcp-01-50b8d970598f/test/beamapp-student031e225e0c6442-1128083256-814166.1638088376.814363/pyarrow-0.14.0.tar.gz...
INFO:root:Completed GCS upload to gs://qwiklabs-gcp-01-50b8d970598f/test/beamapp-student031e225e0c6442-1128083256-814166.1638088376.814363/pyarrow-0.14.0.tar.gz in 1 seconds.
INFO:root:Starting GCS upload to gs://qwiklabs-gcp-01-50b8d970598f/test/beamapp-student031e225e0c6442-1128083256-814166.1638088376.814363/six-1.12.0.tar.gz...
INFO:root:Completed GCS upload to gs://qwiklabs-gcp-01-50b8d970598f/test/beamapp-student031e225e0c6442-1128083256-814166.1638088376.814363/six-1.12.0.tar.gz in 0 seconds.
INFO:root:Starting GCS upload to gs://qwiklabs-gcp-01-50b8d970598f/test/beamapp-student031e225e0c6442-1128083256-814166.1638088376.814363/google-apitools-0.5.28.tar.gz...
INFO:root:Completed GCS upload to gs://qwiklabs-gcp-01-50b8d970598f/test/beamapp-student031e225e0c6442-1128083256-814166.1638088376.814363/google-apitools-0.5.28.tar.gz in 1 seconds.
INFO:root:Starting GCS upload to gs://qwiklabs-gcp-01-50b8d970598f/test/beamapp-student031e225e0c6442-1128083256-814166.1638088376.814363/oauth2client-3.0.0.tar.gz...
INFO:root:Completed GCS upload to gs://qwiklabs-gcp-01-50b8d970598f/test/beamapp-student031e225e0c6442-1128083256-814166.1638088376.814363/oauth2client-3.0.0.tar.gz in 0 seconds.
INFO:root:Starting GCS upload to gs://qwiklabs-gcp-01-50b8d970598f/test/beamapp-student031e225e0c6442-1128083256-814166.1638088376.814363/faker-schema-0.1.4.tar.gz...
INFO:root:Completed GCS upload to gs://qwiklabs-gcp-01-50b8d970598f/test/beamapp-student031e225e0c6442-1128083256-814166.1638088376.814363/faker-schema-0.1.4.tar.gz in 0 seconds.
INFO:root:Starting GCS upload to gs://qwiklabs-gcp-01-50b8d970598f/test/beamapp-student031e225e0c6442-1128083256-814166.1638088376.814363/pytz-2021.3.tar.gz...
INFO:root:Completed GCS upload to gs://qwiklabs-gcp-01-50b8d970598f/test/beamapp-student031e225e0c6442-1128083256-814166.1638088376.814363/pytz-2021.3.tar.gz in 1 seconds.
INFO:root:Starting GCS upload to gs://qwiklabs-gcp-01-50b8d970598f/test/beamapp-student031e225e0c6442-1128083256-814166.1638088376.814363/future-0.18.2.tar.gz...
INFO:root:Completed GCS upload to gs://qwiklabs-gcp-01-50b8d970598f/test/beamapp-student031e225e0c6442-1128083256-814166.1638088376.814363/future-0.18.2.tar.gz in 1 seconds.
INFO:root:Starting GCS upload to gs://qwiklabs-gcp-01-50b8d970598f/test/beamapp-student031e225e0c6442-1128083256-814166.1638088376.814363/certifi-2021.10.8.tar.gz...
INFO:root:Completed GCS upload to gs://qwiklabs-gcp-01-50b8d970598f/test/beamapp-student031e225e0c6442-1128083256-814166.1638088376.814363/certifi-2021.10.8.tar.gz in 0 seconds.
INFO:root:Starting GCS upload to gs://qwiklabs-gcp-01-50b8d970598f/test/beamapp-student031e225e0c6442-1128083256-814166.1638088376.814363/google-cloud-bigquery-1.17.0.tar.gz...
INFO:root:Completed GCS upload to gs://qwiklabs-gcp-01-50b8d970598f/test/beamapp-student031e225e0c6442-1128083256-814166.1638088376.814363/google-cloud-bigquery-1.17.0.tar.gz in 1 seconds.
INFO:root:Starting GCS upload to gs://qwiklabs-gcp-01-50b8d970598f/test/beamapp-student031e225e0c6442-1128083256-814166.1638088376.814363/google-cloud-0.34.0.tar.gz...
INFO:root:Completed GCS upload to gs://qwiklabs-gcp-01-50b8d970598f/test/beamapp-student031e225e0c6442-1128083256-814166.1638088376.814363/google-cloud-0.34.0.tar.gz in 0 seconds.
INFO:root:Starting GCS upload to gs://qwiklabs-gcp-01-50b8d970598f/test/beamapp-student031e225e0c6442-1128083256-814166.1638088376.814363/hdfs-2.6.0.tar.gz...
INFO:root:Completed GCS upload to gs://qwiklabs-gcp-01-50b8d970598f/test/beamapp-student031e225e0c6442-1128083256-814166.1638088376.814363/hdfs-2.6.0.tar.gz in 1 seconds.
INFO:root:Starting GCS upload to gs://qwiklabs-gcp-01-50b8d970598f/test/beamapp-student031e225e0c6442-1128083256-814166.1638088376.814363/pyasn1-modules-0.2.8.tar.gz...
INFO:root:Completed GCS upload to gs://qwiklabs-gcp-01-50b8d970598f/test/beamapp-student031e225e0c6442-1128083256-814166.1638088376.814363/pyasn1-modules-0.2.8.tar.gz in 1 seconds.
INFO:root:Starting GCS upload to gs://qwiklabs-gcp-01-50b8d970598f/test/beamapp-student031e225e0c6442-1128083256-814166.1638088376.814363/google-auth-1.6.3.tar.gz...
INFO:root:Completed GCS upload to gs://qwiklabs-gcp-01-50b8d970598f/test/beamapp-student031e225e0c6442-1128083256-814166.1638088376.814363/google-auth-1.6.3.tar.gz in 0 seconds.
INFO:root:Starting GCS upload to gs://qwiklabs-gcp-01-50b8d970598f/test/beamapp-student031e225e0c6442-1128083256-814166.1638088376.814363/pydot-1.4.2.tar.gz...
INFO:root:Completed GCS upload to gs://qwiklabs-gcp-01-50b8d970598f/test/beamapp-student031e225e0c6442-1128083256-814166.1638088376.814363/pydot-1.4.2.tar.gz in 1 seconds.
INFO:root:Starting GCS upload to gs://qwiklabs-gcp-01-50b8d970598f/test/beamapp-student031e225e0c6442-1128083256-814166.1638088376.814363/protobuf-3.19.1.tar.gz...
INFO:root:Completed GCS upload to gs://qwiklabs-gcp-01-50b8d970598f/test/beamapp-student031e225e0c6442-1128083256-814166.1638088376.814363/protobuf-3.19.1.tar.gz in 1 seconds.
INFO:root:Starting GCS upload to gs://qwiklabs-gcp-01-50b8d970598f/test/beamapp-student031e225e0c6442-1128083256-814166.1638088376.814363/pbr-5.8.0.tar.gz...
INFO:root:Completed GCS upload to gs://qwiklabs-gcp-01-50b8d970598f/test/beamapp-student031e225e0c6442-1128083256-814166.1638088376.814363/pbr-5.8.0.tar.gz in 0 seconds.
INFO:root:Starting GCS upload to gs://qwiklabs-gcp-01-50b8d970598f/test/beamapp-student031e225e0c6442-1128083256-814166.1638088376.814363/charset-normalizer-2.0.8.tar.gz...
INFO:root:Completed GCS upload to gs://qwiklabs-gcp-01-50b8d970598f/test/beamapp-student031e225e0c6442-1128083256-814166.1638088376.814363/charset-normalizer-2.0.8.tar.gz in 0 seconds.
INFO:root:Starting GCS upload to gs://qwiklabs-gcp-01-50b8d970598f/test/beamapp-student031e225e0c6442-1128083256-814166.1638088376.814363/avro-python3-1.10.2.tar.gz...
INFO:root:Completed GCS upload to gs://qwiklabs-gcp-01-50b8d970598f/test/beamapp-student031e225e0c6442-1128083256-814166.1638088376.814363/avro-python3-1.10.2.tar.gz in 0 seconds.
INFO:root:Starting GCS upload to gs://qwiklabs-gcp-01-50b8d970598f/test/beamapp-student031e225e0c6442-1128083256-814166.1638088376.814363/googleapis-common-protos-1.53.0.tar.gz...
INFO:root:Completed GCS upload to gs://qwiklabs-gcp-01-50b8d970598f/test/beamapp-student031e225e0c6442-1128083256-814166.1638088376.814363/googleapis-common-protos-1.53.0.tar.gz in 0 seconds.
INFO:root:Starting GCS upload to gs://qwiklabs-gcp-01-50b8d970598f/test/beamapp-student031e225e0c6442-1128083256-814166.1638088376.814363/rsa-4.8.tar.gz...
INFO:root:Completed GCS upload to gs://qwiklabs-gcp-01-50b8d970598f/test/beamapp-student031e225e0c6442-1128083256-814166.1638088376.814363/rsa-4.8.tar.gz in 0 seconds.
INFO:root:Starting GCS upload to gs://qwiklabs-gcp-01-50b8d970598f/test/beamapp-student031e225e0c6442-1128083256-814166.1638088376.814363/google-cloud-datastore-1.9.0.tar.gz...
INFO:root:Completed GCS upload to gs://qwiklabs-gcp-01-50b8d970598f/test/beamapp-student031e225e0c6442-1128083256-814166.1638088376.814363/google-cloud-datastore-1.9.0.tar.gz in 1 seconds.
INFO:root:Starting GCS upload to gs://qwiklabs-gcp-01-50b8d970598f/test/beamapp-student031e225e0c6442-1128083256-814166.1638088376.814363/docopt-0.6.2.tar.gz...
INFO:root:Completed GCS upload to gs://qwiklabs-gcp-01-50b8d970598f/test/beamapp-student031e225e0c6442-1128083256-814166.1638088376.814363/docopt-0.6.2.tar.gz in 0 seconds.
INFO:root:Starting GCS upload to gs://qwiklabs-gcp-01-50b8d970598f/test/beamapp-student031e225e0c6442-1128083256-814166.1638088376.814363/fasteners-0.16.3.tar.gz...
INFO:root:Completed GCS upload to gs://qwiklabs-gcp-01-50b8d970598f/test/beamapp-student031e225e0c6442-1128083256-814166.1638088376.814363/fasteners-0.16.3.tar.gz in 0 seconds.
INFO:root:Starting GCS upload to gs://qwiklabs-gcp-01-50b8d970598f/test/beamapp-student031e225e0c6442-1128083256-814166.1638088376.814363/urllib3-1.26.7.tar.gz...
INFO:root:Completed GCS upload to gs://qwiklabs-gcp-01-50b8d970598f/test/beamapp-student031e225e0c6442-1128083256-814166.1638088376.814363/urllib3-1.26.7.tar.gz in 1 seconds.
INFO:root:Starting GCS upload to gs://qwiklabs-gcp-01-50b8d970598f/test/beamapp-student031e225e0c6442-1128083256-814166.1638088376.814363/requests-2.26.0.tar.gz...
INFO:root:Completed GCS upload to gs://qwiklabs-gcp-01-50b8d970598f/test/beamapp-student031e225e0c6442-1128083256-814166.1638088376.814363/requests-2.26.0.tar.gz in 0 seconds.
INFO:root:Starting GCS upload to gs://qwiklabs-gcp-01-50b8d970598f/test/beamapp-student031e225e0c6442-1128083256-814166.1638088376.814363/pymongo-3.12.1.tar.gz...
INFO:root:Completed GCS upload to gs://qwiklabs-gcp-01-50b8d970598f/test/beamapp-student031e225e0c6442-1128083256-814166.1638088376.814363/pymongo-3.12.1.tar.gz in 1 seconds.
INFO:root:Starting GCS upload to gs://qwiklabs-gcp-01-50b8d970598f/test/beamapp-student031e225e0c6442-1128083256-814166.1638088376.814363/pyasn1-0.4.8.tar.gz...
INFO:root:Completed GCS upload to gs://qwiklabs-gcp-01-50b8d970598f/test/beamapp-student031e225e0c6442-1128083256-814166.1638088376.814363/pyasn1-0.4.8.tar.gz in 1 seconds.
INFO:root:Starting GCS upload to gs://qwiklabs-gcp-01-50b8d970598f/test/beamapp-student031e225e0c6442-1128083256-814166.1638088376.814363/google-crc32c-1.3.0.tar.gz...
INFO:root:Completed GCS upload to gs://qwiklabs-gcp-01-50b8d970598f/test/beamapp-student031e225e0c6442-1128083256-814166.1638088376.814363/google-crc32c-1.3.0.tar.gz in 0 seconds.
INFO:root:Starting GCS upload to gs://qwiklabs-gcp-01-50b8d970598f/test/beamapp-student031e225e0c6442-1128083256-814166.1638088376.814363/Cython-0.29.13.tar.gz...
INFO:root:Completed GCS upload to gs://qwiklabs-gcp-01-50b8d970598f/test/beamapp-student031e225e0c6442-1128083256-814166.1638088376.814363/Cython-0.29.13.tar.gz in 2 seconds.
INFO:root:Starting GCS upload to gs://qwiklabs-gcp-01-50b8d970598f/test/beamapp-student031e225e0c6442-1128083256-814166.1638088376.814363/grpcio-1.42.0.tar.gz...
INFO:root:Completed GCS upload to gs://qwiklabs-gcp-01-50b8d970598f/test/beamapp-student031e225e0c6442-1128083256-814166.1638088376.814363/grpcio-1.42.0.tar.gz in 5 seconds.
INFO:root:Starting GCS upload to gs://qwiklabs-gcp-01-50b8d970598f/test/beamapp-student031e225e0c6442-1128083256-814166.1638088376.814363/pyparsing-3.0.6.tar.gz...
INFO:root:Completed GCS upload to gs://qwiklabs-gcp-01-50b8d970598f/test/beamapp-student031e225e0c6442-1128083256-814166.1638088376.814363/pyparsing-3.0.6.tar.gz in 1 seconds.
INFO:root:Starting GCS upload to gs://qwiklabs-gcp-01-50b8d970598f/test/beamapp-student031e225e0c6442-1128083256-814166.1638088376.814363/grpc-google-iam-v1-0.11.4.tar.gz...
INFO:root:Completed GCS upload to gs://qwiklabs-gcp-01-50b8d970598f/test/beamapp-student031e225e0c6442-1128083256-814166.1638088376.814363/grpc-google-iam-v1-0.11.4.tar.gz in 0 seconds.
INFO:root:Starting GCS upload to gs://qwiklabs-gcp-01-50b8d970598f/test/beamapp-student031e225e0c6442-1128083256-814166.1638088376.814363/python-dateutil-2.8.2.tar.gz...
INFO:root:Completed GCS upload to gs://qwiklabs-gcp-01-50b8d970598f/test/beamapp-student031e225e0c6442-1128083256-814166.1638088376.814363/python-dateutil-2.8.2.tar.gz in 2 seconds.
INFO:root:Starting GCS upload to gs://qwiklabs-gcp-01-50b8d970598f/test/beamapp-student031e225e0c6442-1128083256-814166.1638088376.814363/setuptools-59.3.0.tar.gz...
INFO:root:Completed GCS upload to gs://qwiklabs-gcp-01-50b8d970598f/test/beamapp-student031e225e0c6442-1128083256-814166.1638088376.814363/setuptools-59.3.0.tar.gz in 2 seconds.
INFO:root:Starting GCS upload to gs://qwiklabs-gcp-01-50b8d970598f/test/beamapp-student031e225e0c6442-1128083256-814166.1638088376.814363/pickled_main_session...
INFO:root:Completed GCS upload to gs://qwiklabs-gcp-01-50b8d970598f/test/beamapp-student031e225e0c6442-1128083256-814166.1638088376.814363/pickled_main_session in 0 seconds.
INFO:root:Downloading source distribtution of the SDK from PyPi
INFO:root:Executing command: ['/home/student_03_1e225e0c6442/professional-services/examples/dataflow-python-examples/dataflow-env/bin/python', '-m', 'pip', 'download', '--dest', '/tmp/tmp9fsv3xko', 'apache-beam==2.14.0', '--no-deps', '--no-binary', ':all:']
INFO:root:Staging SDK sources from PyPI to gs://qwiklabs-gcp-01-50b8d970598f/test/beamapp-student031e225e0c6442-1128083256-814166.1638088376.814363/dataflow_python_sdk.tar
INFO:root:Starting GCS upload to gs://qwiklabs-gcp-01-50b8d970598f/test/beamapp-student031e225e0c6442-1128083256-814166.1638088376.814363/dataflow_python_sdk.tar...
INFO:root:Completed GCS upload to gs://qwiklabs-gcp-01-50b8d970598f/test/beamapp-student031e225e0c6442-1128083256-814166.1638088376.814363/dataflow_python_sdk.tar in 1 seconds.
INFO:root:Downloading binary distribtution of the SDK from PyPi
INFO:root:Executing command: ['/home/student_03_1e225e0c6442/professional-services/examples/dataflow-python-examples/dataflow-env/bin/python', '-m', 'pip', 'download', '--dest', '/tmp/tmp9fsv3xko', 'apache-beam==2.14.0', '--no-deps', '--only-binary', ':all:', '--python-version', '37', '--implementation', 'cp', '--abi', 'cp37m', '--platform', 'manylinux1_x86_64']
INFO:root:Staging binary distribution of the SDK from PyPI to gs://qwiklabs-gcp-01-50b8d970598f/test/beamapp-student031e225e0c6442-1128083256-814166.1638088376.814363/apache_beam-2.14.0-cp37-cp37m-manylinux1_x86_64.whl
INFO:root:Starting GCS upload to gs://qwiklabs-gcp-01-50b8d970598f/test/beamapp-student031e225e0c6442-1128083256-814166.1638088376.814363/apache_beam-2.14.0-cp37-cp37m-manylinux1_x86_64.whl...
INFO:root:Completed GCS upload to gs://qwiklabs-gcp-01-50b8d970598f/test/beamapp-student031e225e0c6442-1128083256-814166.1638088376.814363/apache_beam-2.14.0-cp37-cp37m-manylinux1_x86_64.whl in 2 seconds.
INFO:root:Create job: <Job
 createTime: '2021-11-28T08:43:07.047514Z'
 currentStateTime: '1970-01-01T00:00:00Z'
 id: '2021-11-28_00_43_05-3596167824417297607'
 location: 'us-central1'
 name: 'beamapp-student031e225e0c6442-1128083256-814166'
 projectId: 'qwiklabs-gcp-01-50b8d970598f'
 stageStates: []
 startTime: '2021-11-28T08:43:07.047514Z'
 steps: []
 tempFiles: []
 type: TypeValueValuesEnum(JOB_TYPE_BATCH, 1)>
INFO:root:Created job with id: [2021-11-28_00_43_05-3596167824417297607]
INFO:root:To access the Dataflow monitoring console, please navigate to https://console.cloud.google.com/dataflow/jobsDetail/locations/us-central1/jobs/2021-11-28_00_43_05-3596167824417297607?project=qwiklabs-gcp-01-50b8d970598f
INFO:root:Job 2021-11-28_00_43_05-3596167824417297607 is in state JOB_STATE_PENDING
INFO:root:2021-11-28T08:43:08.249Z: JOB_MESSAGE_BASIC: The pipeline is using shuffle service with a (boot) persistent disk size / type other than the default. If that configuration was intended solely to speed up the non-service shuffle, consider removing it to reduce costs as those disks are unused by the shuffle service.
INFO:root:2021-11-28T08:43:09.572Z: JOB_MESSAGE_DETAILED: Autoscaling is enabled for job 2021-11-28_00_43_05-3596167824417297607. The number of workers will be between 1 and 1000.
INFO:root:2021-11-28T08:43:09.594Z: JOB_MESSAGE_DETAILED: Autoscaling was automatically enabled for job 2021-11-28_00_43_05-3596167824417297607.
INFO:root:2021-11-28T08:43:10.447Z: JOB_MESSAGE_ERROR: Workflow failed. Causes: There was a problem refreshing your credentials. Please check:
1. Dataflow API is enabled for your project.
2. Make sure both the Dataflow service account and the controller service account have sufficient permissions. If you are not specifying a controller service account, ensure the default Compute Engine service account [PROJECT_NUMBER]-compute@developer.gserviceaccount.com exists and has sufficient permissions. If you have deleted the default Compute Engine service account, you must specify a controller service account. For more information, see: https://cloud.google.com/dataflow/docs/concepts/security-and-permissions#security_and_permissions_for_pipelines_on_google_cloud_platform. , There is no cloudservices robot account for your project.  Please ensure that the Dataflow API is enabled for your project.
INFO:root:Job 2021-11-28_00_43_05-3596167824417297607 is in state JOB_STATE_FAILED
Traceback (most recent call last):
  File "/home/student_03_1e225e0c6442/professional-services/examples/dataflow-python-examples/data_generation_for_benchmarking.py", line 536, in <module>
    run()
  File "/home/student_03_1e225e0c6442/professional-services/examples/dataflow-python-examples/data_generation_for_benchmarking.py", line 527, in run
    p.run().wait_until_finish()
  File "/home/student_03_1e225e0c6442/professional-services/examples/dataflow-python-examples/dataflow-env/lib/python3.7/site-packages/apache_beam/runners/dataflow/dataflow_runner.py", line 1338, in wait_until_finish
    (self.state, getattr(self._runner, 'last_error_msg', None)), self)
apache_beam.runners.dataflow.dataflow_runner.DataflowRuntimeException: Dataflow pipeline failed. State: FAILED, Error:
Workflow failed. Causes: There was a problem refreshing your credentials. Please check:
1. Dataflow API is enabled for your project.
2. Make sure both the Dataflow service account and the controller service account have sufficient permissions. If you are not specifying a controller service account, ensure the default Compute Engine service account [PROJECT_NUMBER]-compute@developer.gserviceaccount.com exists and has sufficient permissions. If you have deleted the default Compute Engine service account, you must specify a controller service account. For more information, see: https://cloud.google.com/dataflow/docs/concepts/security-and-permissions#security_and_permissions_for_pipelines_on_google_cloud_platform. , There is no cloudservices robot account for your project.  Please ensure that the Dataflow API is enabled for your project.
